<?xml version="1.0" encoding="UTF-8"?>
<!-- Generated by org.testng.reporters.JUnitXMLReporter -->
<testsuite ignored="0" hostname="DESKTOP-8268NPD" failures="0" tests="3" name="Test" time="41.919" errors="0" timestamp="2023-07-02T12:05:16 IST">
  <testcase classname="week7.day1.TC001_CreateLead" name="CreteLead" time="6.293"/>
  <testcase classname="week7.day1.TC001_CreateLead" name="CreteLead" time="5.247"/>
  <testcase classname="week7.day1.TC001_CreateLead" name="CreteLead" time="8.643"/>
</testsuite> <!-- Test -->
