<?xml version="1.0" encoding="UTF-8"?>
<testng-results ignored="0" total="1" passed="1" failed="0" skipped="0">
  <reporter-output>
  </reporter-output>
  <suite started-at="2023-08-13T16:24:17 IST" name="Default suite" finished-at="2023-08-13T16:24:40 IST" duration-ms="23016">
    <groups>
    </groups>
    <test started-at="2023-08-13T16:24:17 IST" name="Default test" finished-at="2023-08-13T16:24:40 IST" duration-ms="23016">
      <class name="testCases.TC001_Login">
        <test-method is-config="true" signature="launchBrower()[pri:0, instance:testCases.TC001_Login@692f203f]" started-at="2023-08-13T16:24:17 IST" name="launchBrower" finished-at="2023-08-13T16:24:33 IST" duration-ms="16111" status="PASS">
          <reporter-output>
          </reporter-output>
        </test-method> <!-- launchBrower -->
        <test-method signature="testCase001()[pri:0, instance:testCases.TC001_Login@692f203f]" started-at="2023-08-13T16:24:33 IST" name="testCase001" finished-at="2023-08-13T16:24:36 IST" duration-ms="3386" status="PASS">
          <reporter-output>
          </reporter-output>
        </test-method> <!-- testCase001 -->
        <test-method is-config="true" signature="closeBrowser()[pri:0, instance:testCases.TC001_Login@692f203f]" started-at="2023-08-13T16:24:36 IST" name="closeBrowser" finished-at="2023-08-13T16:24:40 IST" duration-ms="3375" status="PASS">
          <reporter-output>
          </reporter-output>
        </test-method> <!-- closeBrowser -->
      </class> <!-- testCases.TC001_Login -->
    </test> <!-- Default test -->
  </suite> <!-- Default suite -->
</testng-results>
